<?xml version="1.0" encoding="UTF-8"?>
<!-- Generated by org.testng.reporters.JUnitXMLReporter -->
<testsuite ignored="0" hostname="LAPTOP-QB9SLFCG" failures="0" tests="3" name="LoginTest" time="16.351" errors="0" timestamp="2025-08-03T14:02:45 IST">
  <testcase classname="com.ECommTestCases.Loginpagetest" name="validlogin" time="1.938"/>
  <testcase classname="com.ECommTestCases.Loginpagetest" name="invalidlogin" time="0.436"/>
  <testcase classname="com.ECommTestCases.Loginpagetest" name="blankvalue" time="2.364"/>
</testsuite> <!-- LoginTest -->
