<?xml version="1.0" encoding="UTF-8"?>
<!-- Generated by org.testng.reporters.JUnitXMLReporter -->
<testsuite ignored="0" hostname="LAPTOP-QB9SLFCG" failures="0" tests="3" name="LoginTest" time="28.556" errors="0" timestamp="2025-08-12T13:29:47 IST">
  <testcase classname="com.ECommTestCases.Loginpagetest" name="validlogin" time="0.605"/>
  <testcase classname="com.ECommTestCases.Loginpagetest" name="invalidlogin" time="0.505"/>
  <testcase classname="com.ECommTestCases.Loginpagetest" name="blankvalue" time="2.36"/>
</testsuite> <!-- LoginTest -->
