<?xml version="1.0" encoding="UTF-8"?>
<testng-results ignored="0" total="5" passed="5" failed="0" skipped="0">
  <reporter-output>
  </reporter-output>
  <suite started-at="2025-08-12T13:29:18 IST" name="ECommerce Test Suite" finished-at="2025-08-12T13:30:12 IST" duration-ms="53712">
    <groups>
    </groups>
    <test started-at="2025-08-12T13:29:18 IST" name="LoginTest" finished-at="2025-08-12T13:29:46 IST" duration-ms="28556">
      <class name="com.ECommTestCases.Loginpagetest">
        <test-method is-config="true" signature="setUp()[pri:0, instance:com.ECommTestCases.Loginpagetest@383dc82c]" started-at="2025-08-12T13:29:18 IST" name="setUp" finished-at="2025-08-12T13:29:22 IST" duration-ms="4094" status="PASS">
          <reporter-output>
          </reporter-output>
        </test-method> <!-- setUp -->
        <test-method is-config="true" signature="setup()[pri:0, instance:com.ECommTestCases.Loginpagetest@383dc82c]" started-at="2025-08-12T13:29:22 IST" name="setup" finished-at="2025-08-12T13:29:22 IST" duration-ms="1" status="PASS">
          <reporter-output>
          </reporter-output>
        </test-method> <!-- setup -->
        <test-method signature="validlogin()[pri:1, instance:com.ECommTestCases.Loginpagetest@383dc82c]" started-at="2025-08-12T13:29:22 IST" name="validlogin" finished-at="2025-08-12T13:29:23 IST" duration-ms="605" status="PASS">
          <reporter-output>
          </reporter-output>
        </test-method> <!-- validlogin -->
        <test-method is-config="true" signature="tearDown()[pri:0, instance:com.ECommTestCases.Loginpagetest@383dc82c]" started-at="2025-08-12T13:29:23 IST" name="tearDown" finished-at="2025-08-12T13:29:28 IST" duration-ms="5585" status="PASS">
          <reporter-output>
          </reporter-output>
        </test-method> <!-- tearDown -->
        <test-method is-config="true" signature="setUp()[pri:0, instance:com.ECommTestCases.Loginpagetest@383dc82c]" started-at="2025-08-12T13:29:28 IST" name="setUp" finished-at="2025-08-12T13:29:31 IST" duration-ms="2574" status="PASS">
          <reporter-output>
          </reporter-output>
        </test-method> <!-- setUp -->
        <test-method is-config="true" signature="setup()[pri:0, instance:com.ECommTestCases.Loginpagetest@383dc82c]" started-at="2025-08-12T13:29:31 IST" name="setup" finished-at="2025-08-12T13:29:31 IST" duration-ms="1" status="PASS">
          <reporter-output>
          </reporter-output>
        </test-method> <!-- setup -->
        <test-method signature="invalidlogin()[pri:2, instance:com.ECommTestCases.Loginpagetest@383dc82c]" started-at="2025-08-12T13:29:31 IST" name="invalidlogin" finished-at="2025-08-12T13:29:31 IST" duration-ms="505" status="PASS">
          <reporter-output>
          </reporter-output>
        </test-method> <!-- invalidlogin -->
        <test-method is-config="true" signature="tearDown()[pri:0, instance:com.ECommTestCases.Loginpagetest@383dc82c]" started-at="2025-08-12T13:29:31 IST" name="tearDown" finished-at="2025-08-12T13:29:37 IST" duration-ms="5319" status="PASS">
          <reporter-output>
          </reporter-output>
        </test-method> <!-- tearDown -->
        <test-method is-config="true" signature="setUp()[pri:0, instance:com.ECommTestCases.Loginpagetest@383dc82c]" started-at="2025-08-12T13:29:37 IST" name="setUp" finished-at="2025-08-12T13:29:39 IST" duration-ms="2143" status="PASS">
          <reporter-output>
          </reporter-output>
        </test-method> <!-- setUp -->
        <test-method is-config="true" signature="setup()[pri:0, instance:com.ECommTestCases.Loginpagetest@383dc82c]" started-at="2025-08-12T13:29:39 IST" name="setup" finished-at="2025-08-12T13:29:39 IST" duration-ms="1" status="PASS">
          <reporter-output>
          </reporter-output>
        </test-method> <!-- setup -->
        <test-method signature="blankvalue()[pri:3, instance:com.ECommTestCases.Loginpagetest@383dc82c]" started-at="2025-08-12T13:29:39 IST" name="blankvalue" finished-at="2025-08-12T13:29:41 IST" duration-ms="2360" status="PASS">
          <reporter-output>
          </reporter-output>
        </test-method> <!-- blankvalue -->
        <test-method is-config="true" signature="tearDown()[pri:0, instance:com.ECommTestCases.Loginpagetest@383dc82c]" started-at="2025-08-12T13:29:41 IST" name="tearDown" finished-at="2025-08-12T13:29:46 IST" duration-ms="5201" status="PASS">
          <reporter-output>
          </reporter-output>
        </test-method> <!-- tearDown -->
      </class> <!-- com.ECommTestCases.Loginpagetest -->
    </test> <!-- LoginTest -->
    <test started-at="2025-08-12T13:29:47 IST" name="CartTest" finished-at="2025-08-12T13:29:59 IST" duration-ms="11675">
      <class name="com.ECommTestCases.CartpageTest">
        <test-method is-config="true" signature="setUp()[pri:0, instance:com.ECommTestCases.CartpageTest@f627d13]" started-at="2025-08-12T13:29:47 IST" name="setUp" finished-at="2025-08-12T13:29:49 IST" duration-ms="2023" status="PASS">
          <reporter-output>
          </reporter-output>
        </test-method> <!-- setUp -->
        <test-method is-config="true" signature="setUpPages()[pri:0, instance:com.ECommTestCases.CartpageTest@f627d13]" started-at="2025-08-12T13:29:49 IST" name="setUpPages" finished-at="2025-08-12T13:29:49 IST" duration-ms="578" status="PASS">
          <reporter-output>
          </reporter-output>
        </test-method> <!-- setUpPages -->
        <test-method signature="addItems_CartItems_removal()[pri:1, instance:com.ECommTestCases.CartpageTest@f627d13]" started-at="2025-08-12T13:29:49 IST" name="addItems_CartItems_removal" finished-at="2025-08-12T13:29:53 IST" duration-ms="3743" status="PASS">
          <reporter-output>
          </reporter-output>
        </test-method> <!-- addItems_CartItems_removal -->
        <test-method is-config="true" signature="tearDown()[pri:0, instance:com.ECommTestCases.CartpageTest@f627d13]" started-at="2025-08-12T13:29:53 IST" name="tearDown" finished-at="2025-08-12T13:29:59 IST" duration-ms="5323" status="PASS">
          <reporter-output>
          </reporter-output>
        </test-method> <!-- tearDown -->
      </class> <!-- com.ECommTestCases.CartpageTest -->
    </test> <!-- CartTest -->
    <test started-at="2025-08-12T13:29:59 IST" name="CheckoutTest" finished-at="2025-08-12T13:30:12 IST" duration-ms="12957">
      <class name="com.ECommTestCases.checkoutpageTest">
        <test-method is-config="true" signature="setUp()[pri:0, instance:com.ECommTestCases.checkoutpageTest@2e32ccc5]" started-at="2025-08-12T13:29:59 IST" name="setUp" finished-at="2025-08-12T13:30:01 IST" duration-ms="2255" status="PASS">
          <reporter-output>
          </reporter-output>
        </test-method> <!-- setUp -->
        <test-method is-config="true" signature="setUpPages()[pri:0, instance:com.ECommTestCases.checkoutpageTest@2e32ccc5]" started-at="2025-08-12T13:30:01 IST" name="setUpPages" finished-at="2025-08-12T13:30:06 IST" duration-ms="4779" status="PASS">
          <reporter-output>
          </reporter-output>
        </test-method> <!-- setUpPages -->
        <test-method signature="checkbtn()[pri:0, instance:com.ECommTestCases.checkoutpageTest@2e32ccc5]" started-at="2025-08-12T13:30:06 IST" name="checkbtn" finished-at="2025-08-12T13:30:06 IST" duration-ms="687" status="PASS">
          <reporter-output>
          </reporter-output>
        </test-method> <!-- checkbtn -->
        <test-method is-config="true" signature="tearDown()[pri:0, instance:com.ECommTestCases.checkoutpageTest@2e32ccc5]" started-at="2025-08-12T13:30:06 IST" name="tearDown" finished-at="2025-08-12T13:30:12 IST" duration-ms="5228" status="PASS">
          <reporter-output>
          </reporter-output>
        </test-method> <!-- tearDown -->
      </class> <!-- com.ECommTestCases.checkoutpageTest -->
    </test> <!-- CheckoutTest -->
  </suite> <!-- ECommerce Test Suite -->
</testng-results>
